Traceback (most recent call last):
  File "/opt/hostedtoolcache/Python/3.10.20/x64/lib/python3.10/site-packages/jupyter_core/utils/__init__.py", line 154, in wrapped
    asyncio.get_running_loop()
RuntimeError: no running event loop

During handling of the above exception, another exception occurred:

Traceback (most recent call last):
  File "/opt/hostedtoolcache/Python/3.10.20/x64/lib/python3.10/site-packages/jupyter_cache/executors/utils.py", line 58, in single_nb_execution
    executenb(
  File "/opt/hostedtoolcache/Python/3.10.20/x64/lib/python3.10/site-packages/nbclient/client.py", line 1319, in execute
    return NotebookClient(nb=nb, resources=resources, km=km, **kwargs).execute()
  File "/opt/hostedtoolcache/Python/3.10.20/x64/lib/python3.10/site-packages/jupyter_core/utils/__init__.py", line 158, in wrapped
    return loop.run_until_complete(inner)
  File "/opt/hostedtoolcache/Python/3.10.20/x64/lib/python3.10/asyncio/base_events.py", line 649, in run_until_complete
    return future.result()
  File "/opt/hostedtoolcache/Python/3.10.20/x64/lib/python3.10/site-packages/nbclient/client.py", line 709, in async_execute
    await self.async_execute_cell(
  File "/opt/hostedtoolcache/Python/3.10.20/x64/lib/python3.10/site-packages/nbclient/client.py", line 1062, in async_execute_cell
    await self._check_raise_for_error(cell, cell_index, exec_reply)
  File "/opt/hostedtoolcache/Python/3.10.20/x64/lib/python3.10/site-packages/nbclient/client.py", line 918, in _check_raise_for_error
    raise CellExecutionError.from_cell_and_msg(cell, exec_reply_content)
nbclient.exceptions.CellExecutionError: An error occurred while executing the following cell:
------------------
# Define the directory where the Evaluation will be created.
test_eval_dir = Path(Path().home(), "temp", "10_fetch_nwm_data")
shutil.rmtree(test_eval_dir, ignore_errors=True)

# Setup the example evaluation using data from the TEEHR repository.
setup_nwm_example(tmpdir=test_eval_dir)

# Initialize the evaluation.
ev = teehr.Evaluation(dir_path=test_eval_dir)
------------------

----- stderr -----
INFO:teehr.evaluation.evaluation:Creating a new default Spark session.
----- stderr -----
INFO:teehr.evaluation.spark_session_utils:đźš€ Creating Spark session: TEEHR Evaluation
----- stderr -----
INFO:teehr.evaluation.spark_session_utils:âś… Spark local configuration successful!
----- stderr -----
INFO:teehr.evaluation.spark_session_utils:Setting Hadoop's default AWS credentials provider and AWS region
----- stderr -----
INFO:teehr.evaluation.spark_session_utils:đź”‘ Using anonymous AWS credentials for S3 access
----- stderr -----
INFO:teehr.evaluation.spark_session_utils:Configuring Iceberg catalogs...
----- stderr -----
INFO:teehr.evaluation.spark_session_utils:âš™ď¸Ź All settings applied. Creating Spark session...
----- stderr -----
WARNING: Using incubator modules: jdk.incubator.vector
----- stderr -----
Warning: Ignoring non-Spark config property: local_catalog_name
Warning: Ignoring non-Spark config property: remote_catalog_type
Warning: Ignoring non-Spark config property: remote_catalog_uri
Warning: Ignoring non-Spark config property: remote_warehouse_dir
Warning: Ignoring non-Spark config property: remote_catalog_name
Warning: Ignoring non-Spark config property: local_catalog_type
----- stderr -----
:: loading settings :: url = jar:file:/opt/hostedtoolcache/Python/3.10.20/x64/lib/python3.10/site-packages/pyspark/jars/ivy-2.5.3.jar!/org/apache/ivy/core/settings/ivysettings.xml
Ivy Default Cache set to: /home/runner/.ivy2.5.2/cache
The jars for the packages stored in: /home/runner/.ivy2.5.2/jars
org.apache.sedona#sedona-spark-shaded-4.0_2.13 added as a dependency
org.apache.iceberg#iceberg-spark-runtime-4.0_2.13 added as a dependency
org.datasyslab#geotools-wrapper added as a dependency
org.apache.iceberg#iceberg-spark-extensions-4.0_2.13 added as a dependency
org.apache.hadoop#hadoop-aws added as a dependency
com.amazonaws#aws-java-sdk-bundle added as a dependency
org.xerial#sqlite-jdbc added as a dependency
:: resolving dependencies :: org.apache.spark#spark-submit-parent-0959a427-c6e1-46da-8f1f-1c6b1708cd80;1.0
	confs: [default]
	found org.apache.sedona#sedona-spark-shaded-4.0_2.13;1.8.0 in central
----- stderr -----
	found org.apache.iceberg#iceberg-spark-runtime-4.0_2.13;1.10.1 in central
	found org.datasyslab#geotools-wrapper;1.8.0-33.1 in central
	found org.apache.iceberg#iceberg-spark-extensions-4.0_2.13;1.10.1 in central
	found org.antlr#antlr4;4.13.1 in central
	found org.antlr#antlr4-runtime;4.13.1 in central
	found org.antlr#antlr-runtime;3.5.3 in central
	found org.antlr#ST4;4.3.4 in central
	found org.abego.treelayout#org.abego.treelayout.core;1.0.3 in central
	found com.ibm.icu#icu4j;72.1 in central
	found org.slf4j#slf4j-api;2.0.17 in central
	found org.scala-lang.modules#scala-collection-compat_2.13;2.13.0 in central
----- stderr -----
	found org.roaringbitmap#RoaringBitmap;1.3.0 in central
	found org.apache.hadoop#hadoop-aws;3.4.1 in central
	found software.amazon.awssdk#bundle;2.24.6 in central
	found org.wildfly.openssl#wildfly-openssl;1.1.3.Final in central
	found com.amazonaws#aws-java-sdk-bundle;1.12.791 in central
	found org.xerial#sqlite-jdbc;3.42.0.0 in central
:: resolution report :: resolve 435ms :: artifacts dl 19ms
	:: modules in use:
	com.amazonaws#aws-java-sdk-bundle;1.12.791 from central in [default]
	com.ibm.icu#icu4j;72.1 from central in [default]
	org.abego.treelayout#org.abego.treelayout.core;1.0.3 from central in [default]
	org.antlr#ST4;4.3.4 from central in [default]
	org.antlr#antlr-runtime;3.5.3 from central in [default]
	org.antlr#antlr4;4.13.1 from central in [default]
	org.antlr#antlr4-runtime;4.13.1 from central in [default]
	org.apache.hadoop#hadoop-aws;3.4.1 from central in [default]
	org.apache.iceberg#iceberg-spark-extensions-4.0_2.13;1.10.1 from central in [default]
	org.apache.iceberg#iceberg-spark-runtime-4.0_2.13;1.10.1 from central in [default]
	org.apache.sedona#sedona-spark-shaded-4.0_2.13;1.8.0 from central in [default]
	org.datasyslab#geotools-wrapper;1.8.0-33.1 from central in [default]
	org.roaringbitmap#RoaringBitmap;1.3.0 from central in [default]
	org.scala-lang.modules#scala-collection-compat_2.13;2.13.0 from central in [default]
	org.slf4j#slf4j-api;2.0.17 from central in [default]
	org.wildfly.openssl#wildfly-openssl;1.1.3.Final from central in [default]
	org.xerial#sqlite-jdbc;3.42.0.0 from central in [default]
	software.amazon.awssdk#bundle;2.24.6 from central in [default]
	---------------------------------------------------------------------
	|                  |            modules            ||   artifacts   |
	|       conf       | number| search|dwnlded|evicted|| number|dwnlded|
	---------------------------------------------------------------------
	|      default     |   18  |   0   |   0   |   0   ||   18  |   0   |
	---------------------------------------------------------------------
:: retrieving :: org.apache.spark#spark-submit-parent-0959a427-c6e1-46da-8f1f-1c6b1708cd80
	confs: [default]
	0 artifacts copied, 18 already retrieved (0kB/11ms)
----- stderr -----
26/04/10 16:54:03 WARN NativeCodeLoader: Unable to load native-hadoop library for your platform... using builtin-java classes where applicable
----- stderr -----
Using Spark's default log4j profile: org/apache/spark/log4j2-defaults.properties
Setting default log level to "WARN".
To adjust logging level use sc.setLogLevel(newLevel). For SparkR, use setLogLevel(newLevel).
----- stderr -----
INFO:teehr.evaluation.spark_session_utils:đźŽ‰ Spark session created successfully!
----- stderr -----
INFO:teehr.evaluation.evaluation:Creating directory /home/runner/temp/10_fetch_nwm_data.
----- stderr -----
INFO:teehr.utilities.apply_migrations:âś… Created schema: local.schema_evolution
----- stderr -----
INFO:teehr.utilities.apply_migrations:âś… Created table: local.schema_evolution.schema_version_history
----- stderr -----
INFO:teehr.utilities.apply_migrations:Applying schema version 1 to local.teehr
----- stderr -----
[Stage 4:>                                                          (0 + 4) / 4]
----- stderr -----
INFO:teehr.utilities.apply_migrations:Applying schema version 2 to local.teehr
----- stderr -----
INFO:teehr.utilities.apply_migrations:Applying schema version 3 to local.teehr
----- stderr -----
INFO:teehr.utilities.apply_migrations:Applying schema version 4 to local.teehr
----- stderr -----
INFO:teehr.evaluation.evaluation:Active catalog set to local.
----- stderr -----
INFO:teehr.evaluation.tables.base_table:Initializing Table for table: configurations.
----- stderr -----
INFO:teehr.evaluation.tables.base_table:Loading files from local.teehr.configurations.
----- stderr -----
INFO:teehr.evaluation.read:Reading files from local.teehr.configurations.
------------------

[0;31m---------------------------------------------------------------------------[0m
[0;31mValidationError[0m                           Traceback (most recent call last)
Cell [0;32mIn[2], line 6[0m
[1;32m      3[0m shutil[38;5;241m.[39mrmtree(test_eval_dir, ignore_errors[38;5;241m=[39m[38;5;28;01mTrue[39;00m)
[1;32m      5[0m [38;5;66;03m# Setup the example evaluation using data from the TEEHR repository.[39;00m
[0;32m----> 6[0m [43msetup_nwm_example[49m[43m([49m[43mtmpdir[49m[38;5;241;43m=[39;49m[43mtest_eval_dir[49m[43m)[49m
[1;32m      8[0m [38;5;66;03m# Initialize the evaluation.[39;00m
[1;32m      9[0m ev [38;5;241m=[39m teehr[38;5;241m.[39mEvaluation(dir_path[38;5;241m=[39mtest_eval_dir)

File [0;32m~/work/teehr/teehr/src/teehr/example_data/setup_nwm_streamflow_example.py:27[0m, in [0;36msetup_nwm_example[0;34m(tmpdir)[0m
[1;32m     23[0m secondary_timeseries_path [38;5;241m=[39m Path(tmpdir, [38;5;124m"[39m[38;5;124mnwm_forecasts.parquet[39m[38;5;124m"[39m)
[1;32m     24[0m fetch_nwm_streamflow_data[38;5;241m.[39mfetch_file([38;5;124m"[39m[38;5;124mnwm_forecasts.parquet[39m[38;5;124m"[39m, secondary_timeseries_path)
[1;32m     26[0m ev[38;5;241m.[39mconfigurations[38;5;241m.[39madd(
[0;32m---> 27[0m     [43mteehr[49m[38;5;241;43m.[39;49m[43mConfiguration[49m[43m([49m
[1;32m     28[0m [43m        [49m[43mname[49m[38;5;241;43m=[39;49m[38;5;124;43m"[39;49m[38;5;124;43mnwm30_medium_range[39;49m[38;5;124;43m"[39;49m[43m,[49m
[1;32m     29[0m [43m        [49m[38;5;28;43mtype[39;49m[38;5;241;43m=[39;49m[38;5;124;43m"[39;49m[38;5;124;43msecondary[39;49m[38;5;124;43m"[39;49m[43m,[49m
[1;32m     30[0m [43m        [49m[43mdescription[49m[38;5;241;43m=[39;49m[38;5;124;43m"[39;49m[38;5;124;43mNWM Medium Range Streamflow Ensemble[39;49m[38;5;124;43m"[39;49m
[1;32m     31[0m [43m    [49m[43m)[49m
[1;32m     32[0m )
[1;32m     34[0m ev[38;5;241m.[39mconfigurations[38;5;241m.[39madd(
[1;32m     35[0m     teehr[38;5;241m.[39mConfiguration(
[1;32m     36[0m         name[38;5;241m=[39m[38;5;124m"[39m[38;5;124musgs_observations[39m[38;5;124m"[39m,
[0;32m   (...)[0m
[1;32m     39[0m     )
[1;32m     40[0m )
[1;32m     42[0m [38;5;66;03m# Load the data into the Evaluation[39;00m

File [0;32m/opt/hostedtoolcache/Python/3.10.20/x64/lib/python3.10/site-packages/pydantic/main.py:253[0m, in [0;36mBaseModel.__init__[0;34m(self, **data)[0m
[1;32m    251[0m [38;5;66;03m# `__tracebackhide__` tells pytest and some other tools to omit this function from tracebacks[39;00m
[1;32m    252[0m __tracebackhide__ [38;5;241m=[39m [38;5;28;01mTrue[39;00m
[0;32m--> 253[0m validated_self [38;5;241m=[39m [38;5;28;43mself[39;49m[38;5;241;43m.[39;49m[43m__pydantic_validator__[49m[38;5;241;43m.[39;49m[43mvalidate_python[49m[43m([49m[43mdata[49m[43m,[49m[43m [49m[43mself_instance[49m[38;5;241;43m=[39;49m[38;5;28;43mself[39;49m[43m)[49m
[1;32m    254[0m [38;5;28;01mif[39;00m [38;5;28mself[39m [38;5;129;01mis[39;00m [38;5;129;01mnot[39;00m validated_self:
[1;32m    255[0m     warnings[38;5;241m.[39mwarn(
[1;32m    256[0m         [38;5;124m'[39m[38;5;124mA custom validator is returning a value other than `self`.[39m[38;5;130;01m\n[39;00m[38;5;124m'[39m
[1;32m    257[0m         [38;5;124m"[39m[38;5;124mReturning anything other than `self` from a top level model validator isn[39m[38;5;124m'[39m[38;5;124mt supported when validating via `__init__`.[39m[38;5;130;01m\n[39;00m[38;5;124m"[39m
[1;32m    258[0m         [38;5;124m'[39m[38;5;124mSee the `model_validator` docs (https://docs.pydantic.dev/latest/concepts/validators/#model-validators) for more details.[39m[38;5;124m'[39m,
[1;32m    259[0m         stacklevel[38;5;241m=[39m[38;5;241m2[39m,
[1;32m    260[0m     )

[0;31mValidationError[0m: 1 validation error for Configuration
timeseries_type
  Field required [type=missing, input_value={'name': 'nwm30_medium_ra...ge Streamflow Ensemble'}, input_type=dict]
    For further information visit https://errors.pydantic.dev/2.11/v/missing

